TN:
SF:src\lib\ticketTableSorting.ts
FN:13,(anonymous_0)
FN:15,parseDate
FN:38,compareNonEmptyValues
FN:55,compareTicketValues
FN:72,sortTicketRows
FN:79,(anonymous_5)
FN:80,(anonymous_6)
FN:81,(anonymous_7)
FN:84,moveColumn
FNF:9
FNH:9
FNDA:44,(anonymous_0)
FNDA:8,parseDate
FNDA:14,compareNonEmptyValues
FNDA:22,compareTicketValues
FNDA:1,sortTicketRows
FNDA:2,(anonymous_5)
FNDA:1,(anonymous_6)
FNDA:2,(anonymous_7)
FNDA:2,moveColumn
DA:8,1
DA:13,44
DA:16,8
DA:17,8
DA:19,8
DA:22,8
DA:23,5
DA:24,5
DA:34,3
DA:35,3
DA:39,14
DA:40,4
DA:41,4
DA:42,4
DA:45,10
DA:46,4
DA:47,4
DA:48,4
DA:51,6
DA:52,6
DA:61,22
DA:62,22
DA:63,22
DA:64,8
DA:65,6
DA:68,14
DA:69,14
DA:78,1
DA:79,2
DA:80,1
DA:81,2
DA:85,2
DA:86,2
DA:87,2
DA:89,1
DA:90,1
DA:91,1
DA:92,1
LF:38
LH:38
BRDA:13,0,0,44
BRDA:13,0,1,38
BRDA:13,0,2,38
BRDA:16,1,0,0
BRDA:16,1,1,8
BRDA:16,2,0,8
BRDA:16,2,1,0
BRDA:17,3,0,0
BRDA:17,3,1,8
BRDA:22,4,0,5
BRDA:22,4,1,3
BRDA:23,5,0,5
BRDA:23,6,0,5
BRDA:23,7,0,5
BRDA:35,8,0,0
BRDA:35,8,1,3
BRDA:39,9,0,4
BRDA:39,9,1,10
BRDA:42,10,0,4
BRDA:42,10,1,0
BRDA:42,11,0,4
BRDA:42,11,1,4
BRDA:45,12,0,4
BRDA:45,12,1,6
BRDA:45,13,0,10
BRDA:45,13,1,6
BRDA:45,13,2,0
BRDA:48,14,0,4
BRDA:48,14,1,0
BRDA:48,15,0,4
BRDA:48,15,1,4
BRDA:51,16,0,0
BRDA:51,16,1,6
BRDA:51,17,0,6
BRDA:51,17,1,0
BRDA:63,18,0,8
BRDA:63,18,1,14
BRDA:63,19,0,22
BRDA:63,19,1,18
BRDA:64,20,0,2
BRDA:64,20,1,6
BRDA:64,21,0,8
BRDA:64,21,1,4
BRDA:65,22,0,2
BRDA:65,22,1,4
BRDA:69,23,0,9
BRDA:69,23,1,5
BRDA:80,24,0,1
BRDA:80,24,1,0
BRDA:87,25,0,1
BRDA:87,25,1,1
BRDA:87,26,0,2
BRDA:87,26,1,1
BRDA:87,26,2,1
BRF:54
BRH:44
end_of_record
